#
# There is insufficient memory for the Java Runtime Environment to continue.
# Native memory allocation (malloc) failed to allocate 287376 bytes for Chunk::new
# Possible reasons:
#   The system is out of physical RAM or swap space
#   The process is running with CompressedOops enabled, and the Java Heap may be blocking the growth of the native heap
# Possible solutions:
#   Reduce memory load on the system
#   Increase physical memory or swap space
#   Check if swap backing store is full
#   Decrease Java heap size (-Xmx/-Xms)
#   Decrease number of Java threads
#   Decrease Java thread stack sizes (-Xss)
#   Set larger code cache with -XX:ReservedCodeCacheSize=
#   JVM is running with Zero Based Compressed Oops mode in which the Java heap is
#     placed in the first 32GB address space. The Java Heap base address is the
#     maximum limit for the native heap growth. Please use -XX:HeapBaseMinAddress
#     to set the Java Heap base and to place the Java Heap above 32GB virtual address.
# This output file may be truncated or incomplete.
#
#  Out of Memory Error (arena.cpp:189), pid=12028, tid=8036
#
# JRE version: OpenJDK Runtime Environment (17.0.6) (build 17.0.6+0-b2043.56-10027231)
# Java VM: OpenJDK 64-Bit Server VM (17.0.6+0-b2043.56-10027231, mixed mode, tiered, compressed oops, compressed class ptrs, g1 gc, windows-amd64)
# No core dump will be written. Minidumps are not enabled by default on client versions of Windows
#

---------------  S U M M A R Y ------------

Command Line: org.jetbrains.kotlin.cli.jvm.K2JVMCompiler @C:\Users\andre\Downloads\PruebaApplication\app\build\20230922_5435047224985957205.compiler.options

Host: 11th Gen Intel(R) Core(TM) i5-1135G7 @ 2.40GHz, 8 cores, 11G,  Windows 11 , 64 bit Build 22621 (10.0.22621.2215)
Time: Fri Sep 22 12:41:46 2023 Hora estándar central (México) elapsed time: 0.488287 seconds (0d 0h 0m 0s)

---------------  T H R E A D  ---------------

Current thread (0x0000011661653320):  JavaThread "C2 CompilerThread1" daemon [_thread_in_native, id=8036, stack(0x00000012a8e00000,0x00000012a8f00000)]


Current CompileTask:
C2:    488  737   !   4       java.util.zip.ZipFile::getEntry (59 bytes)

Stack: [0x00000012a8e00000,0x00000012a8f00000]
Native frames: (J=compiled Java code, j=interpreted, Vv=VM code, C=native code)
V  [jvm.dll+0x683c9a]
V  [jvm.dll+0x8427a4]
V  [jvm.dll+0x843f9e]
V  [jvm.dll+0x844603]
V  [jvm.dll+0x249b75]
V  [jvm.dll+0xabcac]
V  [jvm.dll+0xac27c]
V  [jvm.dll+0x2b0eef]
V  [jvm.dll+0x58a267]
V  [jvm.dll+0x2243b2]
V  [jvm.dll+0x22478f]
V  [jvm.dll+0x21e055]
V  [jvm.dll+0x21b51b]
V  [jvm.dll+0x1a4fdd]
V  [jvm.dll+0x22b098]
V  [jvm.dll+0x229159]
V  [jvm.dll+0x7f81ec]
V  [jvm.dll+0x7f274a]
V  [jvm.dll+0x682ad5]
C  [ucrtbase.dll+0x29363]
C  [KERNEL32.DLL+0x1257d]
C  [ntdll.dll+0x5aa68]


---------------  P R O C E S S  ---------------

Threads class SMR info:
_java_thread_list=0x00000116615f77a0, length=13, elements={
0x00000116448a50c0, 0x0000011661454270, 0x0000011661454e20, 0x000001166143e560,
0x000001166143f110, 0x000001166143fac0, 0x0000011661440470, 0x0000011661487900,
0x00000116614893b0, 0x000001166148aae0, 0x00000116615f0a80, 0x00000116615f9530,
0x0000011661653320
}

Java Threads: ( => current thread )
  0x00000116448a50c0 JavaThread "main" [_thread_in_vm, id=4196, stack(0x00000012a7b00000,0x00000012a7c00000)]
  0x0000011661454270 JavaThread "Reference Handler" daemon [_thread_blocked, id=11268, stack(0x00000012a8200000,0x00000012a8300000)]
  0x0000011661454e20 JavaThread "Finalizer" daemon [_thread_blocked, id=10808, stack(0x00000012a8300000,0x00000012a8400000)]
  0x000001166143e560 JavaThread "Signal Dispatcher" daemon [_thread_blocked, id=4588, stack(0x00000012a8400000,0x00000012a8500000)]
  0x000001166143f110 JavaThread "Attach Listener" daemon [_thread_blocked, id=7024, stack(0x00000012a8500000,0x00000012a8600000)]
  0x000001166143fac0 JavaThread "Service Thread" daemon [_thread_blocked, id=2772, stack(0x00000012a8600000,0x00000012a8700000)]
  0x0000011661440470 JavaThread "Monitor Deflation Thread" daemon [_thread_blocked, id=9772, stack(0x00000012a8700000,0x00000012a8800000)]
  0x0000011661487900 JavaThread "C2 CompilerThread0" daemon [_thread_in_native, id=13104, stack(0x00000012a8800000,0x00000012a8900000)]
  0x00000116614893b0 JavaThread "C1 CompilerThread0" daemon [_thread_blocked, id=5368, stack(0x00000012a8900000,0x00000012a8a00000)]
  0x000001166148aae0 JavaThread "Sweeper thread" daemon [_thread_blocked, id=14076, stack(0x00000012a8a00000,0x00000012a8b00000)]
  0x00000116615f0a80 JavaThread "Notification Thread" daemon [_thread_blocked, id=14748, stack(0x00000012a8b00000,0x00000012a8c00000)]
  0x00000116615f9530 JavaThread "Common-Cleaner" daemon [_thread_blocked, id=10372, stack(0x00000012a8d00000,0x00000012a8e00000)]
=>0x0000011661653320 JavaThread "C2 CompilerThread1" daemon [_thread_in_native, id=8036, stack(0x00000012a8e00000,0x00000012a8f00000)]

Other Threads:
  0x0000011660a41230 VMThread "VM Thread" [stack: 0x00000012a8100000,0x00000012a8200000] [id=7156]
  0x000001166157a360 WatcherThread [stack: 0x00000012a8c00000,0x00000012a8d00000] [id=7272]
  0x00000116448fe220 GCTaskThread "GC Thread#0" [stack: 0x00000012a7c00000,0x00000012a7d00000] [id=9600]
  0x0000011661a562a0 GCTaskThread "GC Thread#1" [stack: 0x00000012a8f00000,0x00000012a9000000] [id=14512]
  0x0000011661a56960 GCTaskThread "GC Thread#2" [stack: 0x00000012a9000000,0x00000012a9100000] [id=4152]
  0x0000011661a56c10 GCTaskThread "GC Thread#3" [stack: 0x00000012a9100000,0x00000012a9200000] [id=8404]
  0x0000011661bc1c50 GCTaskThread "GC Thread#4" [stack: 0x00000012a9200000,0x00000012a9300000] [id=12868]
  0x000001164490ac70 ConcurrentGCThread "G1 Main Marker" [stack: 0x00000012a7d00000,0x00000012a7e00000] [id=5744]
  0x000001164490b680 ConcurrentGCThread "G1 Conc#0" [stack: 0x00000012a7e00000,0x00000012a7f00000] [id=10440]
  0x000001164496e2b0 ConcurrentGCThread "G1 Refine#0" [stack: 0x00000012a7f00000,0x00000012a8000000] [id=12968]
  0x00000116608f45a0 ConcurrentGCThread "G1 Service" [stack: 0x00000012a8000000,0x00000012a8100000] [id=240]

Threads with active compile tasks:
C2 CompilerThread0      496  736   !   4       java.util.zip.ZipFile$Source::getEntryPos (173 bytes)
C2 CompilerThread1      496  737   !   4       java.util.zip.ZipFile::getEntry (59 bytes)

VM state: not at safepoint (normal execution)

VM Mutex/Monitor currently owned by a thread: None

Heap address: 0x0000000744e00000, size: 2994 MB, Compressed Oops mode: Zero based, Oop shift amount: 3

CDS archive(s) not mapped
Compressed class space mapped at: 0x0000000800000000-0x0000000840000000, reserved size: 1073741824
Narrow klass base: 0x0000000800000000, Narrow klass shift: 0, Narrow klass range: 0x40000000

GC Precious Log:
 CPUs: 8 total, 8 available
 Memory: 11969M
 Large Page Support: Disabled
 NUMA Support: Disabled
 Compressed Oops: Enabled (Zero based)
 Heap Region Size: 2M
 Heap Min Capacity: 8M
 Heap Initial Capacity: 188M
 Heap Max Capacity: 2994M
 Pre-touch: Disabled
 Parallel Workers: 8
 Concurrent Workers: 2
 Concurrent Refinement Workers: 8
 Periodic GC: Disabled

Heap:
 garbage-first heap   total 192512K, used 12864K [0x0000000744e00000, 0x0000000800000000)
  region size 2048K, 6 young (12288K), 2 survivors (4096K)
 Metaspace       used 14229K, committed 14400K, reserved 1064960K
  class space    used 1398K, committed 1472K, reserved 1048576K

Heap Regions: E=young(eden), S=young(survivor), O=old, HS=humongous(starts), HC=humongous(continues), CS=collection set, F=free, OA=open archive, CA=closed archive, TAMS=top-at-mark-start (previous, next)
|   0|0x0000000744e00000, 0x0000000745000000, 0x0000000745000000|100%|HS|  |TAMS 0x0000000744e00000, 0x0000000744e00000| Complete 
|   1|0x0000000745000000, 0x0000000745200000, 0x0000000745200000|100%|HC|  |TAMS 0x0000000745000000, 0x0000000745000000| Complete 
|   2|0x0000000745200000, 0x0000000745200000, 0x0000000745400000|  0%| F|  |TAMS 0x0000000745200000, 0x0000000745200000| Untracked 
|   3|0x0000000745400000, 0x0000000745400000, 0x0000000745600000|  0%| F|  |TAMS 0x0000000745400000, 0x0000000745400000| Untracked 
|   4|0x0000000745600000, 0x0000000745600000, 0x0000000745800000|  0%| F|  |TAMS 0x0000000745600000, 0x0000000745600000| Untracked 
|   5|0x0000000745800000, 0x0000000745800000, 0x0000000745a00000|  0%| F|  |TAMS 0x0000000745800000, 0x0000000745800000| Untracked 
|   6|0x0000000745a00000, 0x0000000745a00000, 0x0000000745c00000|  0%| F|  |TAMS 0x0000000745a00000, 0x0000000745a00000| Untracked 
|   7|0x0000000745c00000, 0x0000000745c00000, 0x0000000745e00000|  0%| F|  |TAMS 0x0000000745c00000, 0x0000000745c00000| Untracked 
|   8|0x0000000745e00000, 0x0000000745e00000, 0x0000000746000000|  0%| F|  |TAMS 0x0000000745e00000, 0x0000000745e00000| Untracked 
|   9|0x0000000746000000, 0x0000000746000000, 0x0000000746200000|  0%| F|  |TAMS 0x0000000746000000, 0x0000000746000000| Untracked 
|  10|0x0000000746200000, 0x0000000746200000, 0x0000000746400000|  0%| F|  |TAMS 0x0000000746200000, 0x0000000746200000| Untracked 
|  11|0x0000000746400000, 0x0000000746400000, 0x0000000746600000|  0%| F|  |TAMS 0x0000000746400000, 0x0000000746400000| Untracked 
|  12|0x0000000746600000, 0x0000000746600000, 0x0000000746800000|  0%| F|  |TAMS 0x0000000746600000, 0x0000000746600000| Untracked 
|  13|0x0000000746800000, 0x0000000746800000, 0x0000000746a00000|  0%| F|  |TAMS 0x0000000746800000, 0x0000000746800000| Untracked 
|  14|0x0000000746a00000, 0x0000000746a00000, 0x0000000746c00000|  0%| F|  |TAMS 0x0000000746a00000, 0x0000000746a00000| Untracked 
|  15|0x0000000746c00000, 0x0000000746c00000, 0x0000000746e00000|  0%| F|  |TAMS 0x0000000746c00000, 0x0000000746c00000| Untracked 
|  16|0x0000000746e00000, 0x0000000746e00000, 0x0000000747000000|  0%| F|  |TAMS 0x0000000746e00000, 0x0000000746e00000| Untracked 
|  17|0x0000000747000000, 0x0000000747000000, 0x0000000747200000|  0%| F|  |TAMS 0x0000000747000000, 0x0000000747000000| Untracked 
|  18|0x0000000747200000, 0x0000000747200000, 0x0000000747400000|  0%| F|  |TAMS 0x0000000747200000, 0x0000000747200000| Untracked 
|  19|0x0000000747400000, 0x0000000747400000, 0x0000000747600000|  0%| F|  |TAMS 0x0000000747400000, 0x0000000747400000| Untracked 
|  20|0x0000000747600000, 0x0000000747600000, 0x0000000747800000|  0%| F|  |TAMS 0x0000000747600000, 0x0000000747600000| Untracked 
|  21|0x0000000747800000, 0x0000000747800000, 0x0000000747a00000|  0%| F|  |TAMS 0x0000000747800000, 0x0000000747800000| Untracked 
|  22|0x0000000747a00000, 0x0000000747a00000, 0x0000000747c00000|  0%| F|  |TAMS 0x0000000747a00000, 0x0000000747a00000| Untracked 
|  23|0x0000000747c00000, 0x0000000747c00000, 0x0000000747e00000|  0%| F|  |TAMS 0x0000000747c00000, 0x0000000747c00000| Untracked 
|  24|0x0000000747e00000, 0x0000000747e00000, 0x0000000748000000|  0%| F|  |TAMS 0x0000000747e00000, 0x0000000747e00000| Untracked 
|  25|0x0000000748000000, 0x0000000748000000, 0x0000000748200000|  0%| F|  |TAMS 0x0000000748000000, 0x0000000748000000| Untracked 
|  26|0x0000000748200000, 0x0000000748200000, 0x0000000748400000|  0%| F|  |TAMS 0x0000000748200000, 0x0000000748200000| Untracked 
|  27|0x0000000748400000, 0x0000000748400000, 0x0000000748600000|  0%| F|  |TAMS 0x0000000748400000, 0x0000000748400000| Untracked 
|  28|0x0000000748600000, 0x0000000748600000, 0x0000000748800000|  0%| F|  |TAMS 0x0000000748600000, 0x0000000748600000| Untracked 
|  29|0x0000000748800000, 0x0000000748800000, 0x0000000748a00000|  0%| F|  |TAMS 0x0000000748800000, 0x0000000748800000| Untracked 
|  30|0x0000000748a00000, 0x0000000748a00000, 0x0000000748c00000|  0%| F|  |TAMS 0x0000000748a00000, 0x0000000748a00000| Untracked 
|  31|0x0000000748c00000, 0x0000000748c00000, 0x0000000748e00000|  0%| F|  |TAMS 0x0000000748c00000, 0x0000000748c00000| Untracked 
|  32|0x0000000748e00000, 0x0000000748e00000, 0x0000000749000000|  0%| F|  |TAMS 0x0000000748e00000, 0x0000000748e00000| Untracked 
|  33|0x0000000749000000, 0x0000000749000000, 0x0000000749200000|  0%| F|  |TAMS 0x0000000749000000, 0x0000000749000000| Untracked 
|  34|0x0000000749200000, 0x0000000749200000, 0x0000000749400000|  0%| F|  |TAMS 0x0000000749200000, 0x0000000749200000| Untracked 
|  35|0x0000000749400000, 0x0000000749400000, 0x0000000749600000|  0%| F|  |TAMS 0x0000000749400000, 0x0000000749400000| Untracked 
|  36|0x0000000749600000, 0x0000000749600000, 0x0000000749800000|  0%| F|  |TAMS 0x0000000749600000, 0x0000000749600000| Untracked 
|  37|0x0000000749800000, 0x0000000749800000, 0x0000000749a00000|  0%| F|  |TAMS 0x0000000749800000, 0x0000000749800000| Untracked 
|  38|0x0000000749a00000, 0x0000000749a00000, 0x0000000749c00000|  0%| F|  |TAMS 0x0000000749a00000, 0x0000000749a00000| Untracked 
|  39|0x0000000749c00000, 0x0000000749c00000, 0x0000000749e00000|  0%| F|  |TAMS 0x0000000749c00000, 0x0000000749c00000| Untracked 
|  40|0x0000000749e00000, 0x0000000749e00000, 0x000000074a000000|  0%| F|  |TAMS 0x0000000749e00000, 0x0000000749e00000| Untracked 
|  41|0x000000074a000000, 0x000000074a000000, 0x000000074a200000|  0%| F|  |TAMS 0x000000074a000000, 0x000000074a000000| Untracked 
|  42|0x000000074a200000, 0x000000074a200000, 0x000000074a400000|  0%| F|  |TAMS 0x000000074a200000, 0x000000074a200000| Untracked 
|  43|0x000000074a400000, 0x000000074a400000, 0x000000074a600000|  0%| F|  |TAMS 0x000000074a400000, 0x000000074a400000| Untracked 
|  44|0x000000074a600000, 0x000000074a600000, 0x000000074a800000|  0%| F|  |TAMS 0x000000074a600000, 0x000000074a600000| Untracked 
|  45|0x000000074a800000, 0x000000074a800000, 0x000000074aa00000|  0%| F|  |TAMS 0x000000074a800000, 0x000000074a800000| Untracked 
|  46|0x000000074aa00000, 0x000000074aa00000, 0x000000074ac00000|  0%| F|  |TAMS 0x000000074aa00000, 0x000000074aa00000| Untracked 
|  47|0x000000074ac00000, 0x000000074ac00000, 0x000000074ae00000|  0%| F|  |TAMS 0x000000074ac00000, 0x000000074ac00000| Untracked 
|  48|0x000000074ae00000, 0x000000074ae00000, 0x000000074b000000|  0%| F|  |TAMS 0x000000074ae00000, 0x000000074ae00000| Untracked 
|  49|0x000000074b000000, 0x000000074b000000, 0x000000074b200000|  0%| F|  |TAMS 0x000000074b000000, 0x000000074b000000| Untracked 
|  50|0x000000074b200000, 0x000000074b200000, 0x000000074b400000|  0%| F|  |TAMS 0x000000074b200000, 0x000000074b200000| Untracked 
|  51|0x000000074b400000, 0x000000074b400000, 0x000000074b600000|  0%| F|  |TAMS 0x000000074b400000, 0x000000074b400000| Untracked 
|  52|0x000000074b600000, 0x000000074b600000, 0x000000074b800000|  0%| F|  |TAMS 0x000000074b600000, 0x000000074b600000| Untracked 
|  53|0x000000074b800000, 0x000000074b800000, 0x000000074ba00000|  0%| F|  |TAMS 0x000000074b800000, 0x000000074b800000| Untracked 
|  54|0x000000074ba00000, 0x000000074ba00000, 0x000000074bc00000|  0%| F|  |TAMS 0x000000074ba00000, 0x000000074ba00000| Untracked 
|  55|0x000000074bc00000, 0x000000074bc00000, 0x000000074be00000|  0%| F|  |TAMS 0x000000074bc00000, 0x000000074bc00000| Untracked 
|  56|0x000000074be00000, 0x000000074be00000, 0x000000074c000000|  0%| F|  |TAMS 0x000000074be00000, 0x000000074be00000| Untracked 
|  57|0x000000074c000000, 0x000000074c000000, 0x000000074c200000|  0%| F|  |TAMS 0x000000074c000000, 0x000000074c000000| Untracked 
|  58|0x000000074c200000, 0x000000074c200000, 0x000000074c400000|  0%| F|  |TAMS 0x000000074c200000, 0x000000074c200000| Untracked 
|  59|0x000000074c400000, 0x000000074c400000, 0x000000074c600000|  0%| F|  |TAMS 0x000000074c400000, 0x000000074c400000| Untracked 
|  60|0x000000074c600000, 0x000000074c600000, 0x000000074c800000|  0%| F|  |TAMS 0x000000074c600000, 0x000000074c600000| Untracked 
|  61|0x000000074c800000, 0x000000074c800000, 0x000000074ca00000|  0%| F|  |TAMS 0x000000074c800000, 0x000000074c800000| Untracked 
|  62|0x000000074ca00000, 0x000000074ca00000, 0x000000074cc00000|  0%| F|  |TAMS 0x000000074ca00000, 0x000000074ca00000| Untracked 
|  63|0x000000074cc00000, 0x000000074cc00000, 0x000000074ce00000|  0%| F|  |TAMS 0x000000074cc00000, 0x000000074cc00000| Untracked 
|  64|0x000000074ce00000, 0x000000074ce00000, 0x000000074d000000|  0%| F|  |TAMS 0x000000074ce00000, 0x000000074ce00000| Untracked 
|  65|0x000000074d000000, 0x000000074d000000, 0x000000074d200000|  0%| F|  |TAMS 0x000000074d000000, 0x000000074d000000| Untracked 
|  66|0x000000074d200000, 0x000000074d200000, 0x000000074d400000|  0%| F|  |TAMS 0x000000074d200000, 0x000000074d200000| Untracked 
|  67|0x000000074d400000, 0x000000074d400000, 0x000000074d600000|  0%| F|  |TAMS 0x000000074d400000, 0x000000074d400000| Untracked 
|  68|0x000000074d600000, 0x000000074d600000, 0x000000074d800000|  0%| F|  |TAMS 0x000000074d600000, 0x000000074d600000| Untracked 
|  69|0x000000074d800000, 0x000000074d800000, 0x000000074da00000|  0%| F|  |TAMS 0x000000074d800000, 0x000000074d800000| Untracked 
|  70|0x000000074da00000, 0x000000074da00000, 0x000000074dc00000|  0%| F|  |TAMS 0x000000074da00000, 0x000000074da00000| Untracked 
|  71|0x000000074dc00000, 0x000000074dc00000, 0x000000074de00000|  0%| F|  |TAMS 0x000000074dc00000, 0x000000074dc00000| Untracked 
|  72|0x000000074de00000, 0x000000074de00000, 0x000000074e000000|  0%| F|  |TAMS 0x000000074de00000, 0x000000074de00000| Untracked 
|  73|0x000000074e000000, 0x000000074e000000, 0x000000074e200000|  0%| F|  |TAMS 0x000000074e000000, 0x000000074e000000| Untracked 
|  74|0x000000074e200000, 0x000000074e200000, 0x000000074e400000|  0%| F|  |TAMS 0x000000074e200000, 0x000000074e200000| Untracked 
|  75|0x000000074e400000, 0x000000074e400000, 0x000000074e600000|  0%| F|  |TAMS 0x000000074e400000, 0x000000074e400000| Untracked 
|  76|0x000000074e600000, 0x000000074e600000, 0x000000074e800000|  0%| F|  |TAMS 0x000000074e600000, 0x000000074e600000| Untracked 
|  77|0x000000074e800000, 0x000000074e800000, 0x000000074ea00000|  0%| F|  |TAMS 0x000000074e800000, 0x000000074e800000| Untracked 
|  78|0x000000074ea00000, 0x000000074ea00000, 0x000000074ec00000|  0%| F|  |TAMS 0x000000074ea00000, 0x000000074ea00000| Untracked 
|  79|0x000000074ec00000, 0x000000074ec00000, 0x000000074ee00000|  0%| F|  |TAMS 0x000000074ec00000, 0x000000074ec00000| Untracked 
|  80|0x000000074ee00000, 0x000000074ee00000, 0x000000074f000000|  0%| F|  |TAMS 0x000000074ee00000, 0x000000074ee00000| Untracked 
|  81|0x000000074f000000, 0x000000074f090000, 0x000000074f200000| 28%| S|CS|TAMS 0x000000074f000000, 0x000000074f000000| Complete 
|  82|0x000000074f200000, 0x000000074f400000, 0x000000074f400000|100%| S|CS|TAMS 0x000000074f200000, 0x000000074f200000| Complete 
|  83|0x000000074f400000, 0x000000074f400000, 0x000000074f600000|  0%| F|  |TAMS 0x000000074f400000, 0x000000074f400000| Untracked 
|  84|0x000000074f600000, 0x000000074f600000, 0x000000074f800000|  0%| F|  |TAMS 0x000000074f600000, 0x000000074f600000| Untracked 
|  85|0x000000074f800000, 0x000000074f800000, 0x000000074fa00000|  0%| F|  |TAMS 0x000000074f800000, 0x000000074f800000| Untracked 
|  86|0x000000074fa00000, 0x000000074fa00000, 0x000000074fc00000|  0%| F|  |TAMS 0x000000074fa00000, 0x000000074fa00000| Untracked 
|  87|0x000000074fc00000, 0x000000074fc00000, 0x000000074fe00000|  0%| F|  |TAMS 0x000000074fc00000, 0x000000074fc00000| Untracked 
|  88|0x000000074fe00000, 0x000000074fe00000, 0x0000000750000000|  0%| F|  |TAMS 0x000000074fe00000, 0x000000074fe00000| Untracked 
|  89|0x0000000750000000, 0x0000000750000000, 0x0000000750200000|  0%| F|  |TAMS 0x0000000750000000, 0x0000000750000000| Untracked 
|  90|0x0000000750200000, 0x0000000750386208, 0x0000000750400000| 76%| E|  |TAMS 0x0000000750200000, 0x0000000750200000| Complete 
|  91|0x0000000750400000, 0x0000000750600000, 0x0000000750600000|100%| E|CS|TAMS 0x0000000750400000, 0x0000000750400000| Complete 
|  92|0x0000000750600000, 0x0000000750800000, 0x0000000750800000|100%| E|CS|TAMS 0x0000000750600000, 0x0000000750600000| Complete 
|  93|0x0000000750800000, 0x0000000750a00000, 0x0000000750a00000|100%| E|CS|TAMS 0x0000000750800000, 0x0000000750800000| Complete 

Card table byte_map: [0x0000011657680000,0x0000011657c60000] _byte_map_base: 0x0000011653c59000

Marking Bits (Prev, Next): (CMBitMap*) 0x00000116448fe830, (CMBitMap*) 0x00000116448fe870
 Prev Bits: [0x0000011658240000, 0x000001165b108000)
 Next Bits: [0x000001165b110000, 0x000001165dfd8000)

Polling page: 0x0000011642850000

Metaspace:

Usage:
  Non-class:     12.56 MB used.
      Class:      1.37 MB used.
       Both:     13.93 MB used.

Virtual space:
  Non-class space:       16.00 MB reserved,      12.62 MB ( 79%) committed,  2 nodes.
      Class space:        1.00 GB reserved,       1.44 MB ( <1%) committed,  1 nodes.
             Both:        1.02 GB reserved,      14.06 MB (  1%) committed. 

Chunk freelists:
   Non-Class:  2.83 MB
       Class:  2.58 MB
        Both:  5.41 MB

MaxMetaspaceSize: unlimited
CompressedClassSpaceSize: 1.00 GB
Initial GC threshold: 21.00 MB
Current GC threshold: 21.00 MB
CDS: off
MetaspaceReclaimPolicy: balanced
 - commit_granule_bytes: 65536.
 - commit_granule_words: 8192.
 - virtual_space_node_default_size: 1048576.
 - enlarge_chunks_in_place: 1.
 - new_chunks_are_fully_committed: 0.
 - uncommit_free_chunks: 1.
 - use_allocation_guard: 0.
 - handle_deallocations: 1.


Internal statistics:

num_allocs_failed_limit: 0.
num_arena_births: 6.
num_arena_deaths: 0.
num_vsnodes_births: 3.
num_vsnodes_deaths: 0.
num_space_committed: 225.
num_space_uncommitted: 0.
num_chunks_returned_to_freelist: 0.
num_chunks_taken_from_freelist: 232.
num_chunk_merges: 0.
num_chunk_splits: 209.
num_chunks_enlarged: 203.
num_purges: 0.
num_inconsistent_stats: 0.

CodeHeap 'non-profiled nmethods': size=120000Kb used=210Kb max_used=210Kb free=119789Kb
 bounds [0x000001164f840000, 0x000001164fab0000, 0x0000011656d70000]
CodeHeap 'profiled nmethods': size=120000Kb used=1466Kb max_used=1466Kb free=118533Kb
 bounds [0x0000011647d70000, 0x0000011647fe0000, 0x000001164f2a0000]
CodeHeap 'non-nmethods': size=5760Kb used=1163Kb max_used=1168Kb free=4596Kb
 bounds [0x000001164f2a0000, 0x000001164f510000, 0x000001164f840000]
 total_blobs=1252 nmethods=819 adapters=345
 compilation: enabled
              stopped_count=0, restarted_count=0
 full_count=0

Compilation events (20 events):
Event: 0.485 Thread 0x00000116614893b0 nmethod 793 0x0000011647ed0590 code [0x0000011647ed0720, 0x0000011647ed0898]
Event: 0.485 Thread 0x00000116614893b0  794       3       java.util.ArrayList::iterator (9 bytes)
Event: 0.485 Thread 0x00000116614893b0 nmethod 794 0x0000011647ed0910 code [0x0000011647ed0ac0, 0x0000011647ed0d58]
Event: 0.485 Thread 0x00000116614893b0  795       3       kotlin.reflect.jvm.internal.impl.metadata.ProtoBuf$Function::getValueParameterCount (10 bytes)
Event: 0.485 Thread 0x00000116614893b0 nmethod 795 0x0000011647ed0e90 code [0x0000011647ed1040, 0x0000011647ed1228]
Event: 0.485 Thread 0x00000116614893b0  784       3       kotlin.reflect.jvm.internal.impl.protobuf.ByteString::concat (74 bytes)
Event: 0.485 Thread 0x00000116614893b0 nmethod 784 0x0000011647ed1310 code [0x0000011647ed15a0, 0x0000011647ed1f28]
Event: 0.485 Thread 0x00000116614893b0  785       3       kotlin.reflect.jvm.internal.impl.protobuf.RopeByteString::concatenate (235 bytes)
Event: 0.486 Thread 0x00000116614893b0 nmethod 785 0x0000011647ed2310 code [0x0000011647ed2660, 0x0000011647ed3b08]
Event: 0.486 Thread 0x00000116614893b0  786       3       kotlin.reflect.jvm.internal.impl.protobuf.GeneratedMessageLite$Builder::setUnknownFields (7 bytes)
Event: 0.486 Thread 0x00000116614893b0 nmethod 786 0x0000011647ed4010 code [0x0000011647ed41a0, 0x0000011647ed42f8]
Event: 0.486 Thread 0x00000116614893b0  779       3       kotlin.reflect.jvm.internal.impl.protobuf.GeneratedMessageLite::access$100 (12 bytes)
Event: 0.486 Thread 0x00000116614893b0 nmethod 779 0x0000011647ed4390 code [0x0000011647ed4520, 0x0000011647ed4628]
Event: 0.486 Thread 0x00000116614893b0  781       3       java.util.ArrayList::add (65 bytes)
Event: 0.486 Thread 0x00000116614893b0 nmethod 781 0x0000011647ed4710 code [0x0000011647ed4920, 0x0000011647ed4fd8]
Event: 0.486 Thread 0x00000116614893b0  782       3       java.util.ArrayList::rangeCheckForAdd (26 bytes)
Event: 0.486 Thread 0x00000116614893b0 nmethod 782 0x0000011647ed5290 code [0x0000011647ed54c0, 0x0000011647ed5b68]
Event: 0.486 Thread 0x00000116614893b0  772       1       kotlin.reflect.jvm.internal.impl.metadata.ProtoBuf$Annotation$Argument::getValue (5 bytes)
Event: 0.486 Thread 0x00000116614893b0 nmethod 772 0x000001164f872e90 code [0x000001164f873020, 0x000001164f8730f8]
Event: 0.487 Thread 0x00000116614893b0  796       1       kotlin.reflect.jvm.internal.impl.metadata.ProtoBuf$QualifiedNameTable$QualifiedName::getShortName (5 bytes)

GC Heap History (2 events):
Event: 0.422 GC heap before
{Heap before GC invocations=0 (full 0):
 garbage-first heap   total 192512K, used 24576K [0x0000000744e00000, 0x0000000800000000)
  region size 2048K, 11 young (22528K), 0 survivors (0K)
 Metaspace       used 12893K, committed 12992K, reserved 1064960K
  class space    used 1236K, committed 1280K, reserved 1048576K
}
Event: 0.424 GC heap after
{Heap after GC invocations=1 (full 0):
 garbage-first heap   total 192512K, used 6720K [0x0000000744e00000, 0x0000000800000000)
  region size 2048K, 2 young (4096K), 2 survivors (4096K)
 Metaspace       used 12893K, committed 12992K, reserved 1064960K
  class space    used 1236K, committed 1280K, reserved 1048576K
}

Dll operation events (1 events):
Event: 0.006 Loaded shared library C:\Program Files\Android\Android Studio1\jbr\bin\java.dll

Deoptimization events (20 events):
Event: 0.472 Thread 0x00000116448a50c0 Uncommon trap: trap_request=0xffffffc6 fr.pc=0x000001164f8717e0 relative=0x00000000000004e0
Event: 0.472 Thread 0x00000116448a50c0 Uncommon trap: reason=bimorphic_or_optimized_type_check action=maybe_recompile pc=0x000001164f8717e0 method=kotlin.reflect.jvm.internal.impl.protobuf.CodedInputStream.tryRefillBuffer(I)Z @ 175 c2
Event: 0.472 Thread 0x00000116448a50c0 DEOPT PACKING pc=0x000001164f8717e0 sp=0x00000012a7bfba60
Event: 0.472 Thread 0x00000116448a50c0 DEOPT UNPACKING pc=0x000001164f2fa1a3 sp=0x00000012a7bfb948 mode 2
Event: 0.474 Thread 0x00000116448a50c0 Uncommon trap: trap_request=0xffffff45 fr.pc=0x000001164f86d258 relative=0x00000000000001b8
Event: 0.474 Thread 0x00000116448a50c0 Uncommon trap: reason=unstable_if action=reinterpret pc=0x000001164f86d258 method=kotlin.reflect.jvm.internal.impl.protobuf.CodedInputStream.readRawVarint32()I @ 10 c2
Event: 0.474 Thread 0x00000116448a50c0 DEOPT PACKING pc=0x000001164f86d258 sp=0x00000012a7bfb780
Event: 0.474 Thread 0x00000116448a50c0 DEOPT UNPACKING pc=0x000001164f2fa1a3 sp=0x00000012a7bfb700 mode 2
Event: 0.477 Thread 0x00000116448a50c0 Uncommon trap: trap_request=0xffffffc6 fr.pc=0x000001164f8717e0 relative=0x00000000000004e0
Event: 0.477 Thread 0x00000116448a50c0 Uncommon trap: reason=bimorphic_or_optimized_type_check action=maybe_recompile pc=0x000001164f8717e0 method=kotlin.reflect.jvm.internal.impl.protobuf.CodedInputStream.tryRefillBuffer(I)Z @ 175 c2
Event: 0.477 Thread 0x00000116448a50c0 DEOPT PACKING pc=0x000001164f8717e0 sp=0x00000012a7bfb4c0
Event: 0.477 Thread 0x00000116448a50c0 DEOPT UNPACKING pc=0x000001164f2fa1a3 sp=0x00000012a7bfb3a8 mode 2
Event: 0.481 Thread 0x00000116448a50c0 Uncommon trap: trap_request=0xffffffc6 fr.pc=0x000001164f8717e0 relative=0x00000000000004e0
Event: 0.481 Thread 0x00000116448a50c0 Uncommon trap: reason=bimorphic_or_optimized_type_check action=maybe_recompile pc=0x000001164f8717e0 method=kotlin.reflect.jvm.internal.impl.protobuf.CodedInputStream.tryRefillBuffer(I)Z @ 175 c2
Event: 0.481 Thread 0x00000116448a50c0 DEOPT PACKING pc=0x000001164f8717e0 sp=0x00000012a7bfb4c0
Event: 0.481 Thread 0x00000116448a50c0 DEOPT UNPACKING pc=0x000001164f2fa1a3 sp=0x00000012a7bfb3a8 mode 2
Event: 0.482 Thread 0x00000116448a50c0 Uncommon trap: trap_request=0xffffffc6 fr.pc=0x000001164f8717e0 relative=0x00000000000004e0
Event: 0.482 Thread 0x00000116448a50c0 Uncommon trap: reason=bimorphic_or_optimized_type_check action=maybe_recompile pc=0x000001164f8717e0 method=kotlin.reflect.jvm.internal.impl.protobuf.CodedInputStream.tryRefillBuffer(I)Z @ 175 c2
Event: 0.482 Thread 0x00000116448a50c0 DEOPT PACKING pc=0x000001164f8717e0 sp=0x00000012a7bfba60
Event: 0.482 Thread 0x00000116448a50c0 DEOPT UNPACKING pc=0x000001164f2fa1a3 sp=0x00000012a7bfb948 mode 2

Classes unloaded (0 events):
No events

Classes redefined (0 events):
No events

Internal exceptions (0 events):
No events

VM Operations (8 events):
Event: 0.129 Executing VM operation: HandshakeAllThreads
Event: 0.129 Executing VM operation: HandshakeAllThreads done
Event: 0.323 Executing VM operation: HandshakeAllThreads
Event: 0.323 Executing VM operation: HandshakeAllThreads done
Event: 0.421 Executing VM operation: G1CollectForAllocation
Event: 0.424 Executing VM operation: G1CollectForAllocation done
Event: 0.486 Executing VM operation: HandshakeAllThreads
Event: 0.486 Executing VM operation: HandshakeAllThreads done

Events (20 events):
Event: 0.462 loading class sun/reflect/generics/tree/FormalTypeParameter
Event: 0.462 loading class sun/reflect/generics/tree/FormalTypeParameter done
Event: 0.462 loading class sun/reflect/generics/tree/ClassSignature
Event: 0.462 loading class sun/reflect/generics/tree/Signature
Event: 0.462 loading class sun/reflect/generics/tree/Signature done
Event: 0.462 loading class sun/reflect/generics/tree/ClassSignature done
Event: 0.462 loading class java/lang/reflect/TypeVariable
Event: 0.462 loading class java/lang/reflect/TypeVariable done
Event: 0.462 loading class java/lang/reflect/AnnotatedType
Event: 0.462 loading class java/lang/reflect/AnnotatedType done
Event: 0.469 loading class java/io/DataInputStream
Event: 0.469 loading class java/io/DataInputStream done
Event: 0.485 loading class java/util/LinkedList
Event: 0.485 loading class java/util/AbstractSequentialList
Event: 0.485 loading class java/util/AbstractSequentialList done
Event: 0.486 loading class java/util/LinkedList done
Event: 0.486 loading class java/util/LinkedList$Node
Event: 0.486 loading class java/util/LinkedList$Node done
Event: 0.487 loading class java/util/LinkedList$ListItr
Event: 0.487 loading class java/util/LinkedList$ListItr done


Dynamic libraries:
0x00007ff706b30000 - 0x00007ff706b3a000 	C:\Program Files\Android\Android Studio1\jbr\bin\java.exe
0x00007ffaed8b0000 - 0x00007ffaedac4000 	C:\WINDOWS\SYSTEM32\ntdll.dll
0x00007ffaec0f0000 - 0x00007ffaec1b4000 	C:\WINDOWS\System32\KERNEL32.DLL
0x00007ffaeadc0000 - 0x00007ffaeb164000 	C:\WINDOWS\System32\KERNELBASE.dll
0x00007ffaeb210000 - 0x00007ffaeb321000 	C:\WINDOWS\System32\ucrtbase.dll
0x00007ffab66b0000 - 0x00007ffab66c7000 	C:\Program Files\Android\Android Studio1\jbr\bin\jli.dll
0x00007ffaebd80000 - 0x00007ffaebf2e000 	C:\WINDOWS\System32\USER32.dll
0x00007ffaeacd0000 - 0x00007ffaeacf6000 	C:\WINDOWS\System32\win32u.dll
0x00007ffade250000 - 0x00007ffade26b000 	C:\Program Files\Android\Android Studio1\jbr\bin\VCRUNTIME140.dll
0x00007ffaec300000 - 0x00007ffaec329000 	C:\WINDOWS\System32\GDI32.dll
0x00007ffaeb4a0000 - 0x00007ffaeb5b8000 	C:\WINDOWS\System32\gdi32full.dll
0x00007ffad43f0000 - 0x00007ffad4683000 	C:\WINDOWS\WinSxS\amd64_microsoft.windows.common-controls_6595b64144ccf1df_6.0.22621.2215_none_270d72677387dfc3\COMCTL32.dll
0x00007ffaeb6d0000 - 0x00007ffaeb777000 	C:\WINDOWS\System32\msvcrt.dll
0x00007ffaeb170000 - 0x00007ffaeb20a000 	C:\WINDOWS\System32\msvcp_win.dll
0x00007ffaec7c0000 - 0x00007ffaec7f1000 	C:\WINDOWS\System32\IMM32.DLL
0x00007ffadf0a0000 - 0x00007ffadf0ac000 	C:\Program Files\Android\Android Studio1\jbr\bin\vcruntime140_1.dll
0x00007ffacd650000 - 0x00007ffacd6dd000 	C:\Program Files\Android\Android Studio1\jbr\bin\msvcp140.dll
0x00007ffa9cdf0000 - 0x00007ffa9da5e000 	C:\Program Files\Android\Android Studio1\jbr\bin\server\jvm.dll
0x00007ffaebf30000 - 0x00007ffaebfe0000 	C:\WINDOWS\System32\ADVAPI32.dll
0x00007ffaec040000 - 0x00007ffaec0e6000 	C:\WINDOWS\System32\sechost.dll
0x00007ffaed750000 - 0x00007ffaed867000 	C:\WINDOWS\System32\RPCRT4.dll
0x00007ffae36d0000 - 0x00007ffae36d9000 	C:\WINDOWS\SYSTEM32\WSOCK32.dll
0x00007ffadf030000 - 0x00007ffadf064000 	C:\WINDOWS\SYSTEM32\WINMM.dll
0x00007ffaed5c0000 - 0x00007ffaed631000 	C:\WINDOWS\System32\WS2_32.dll
0x00007ffadca90000 - 0x00007ffadca9a000 	C:\WINDOWS\SYSTEM32\VERSION.dll
0x00007ffae9da0000 - 0x00007ffae9db8000 	C:\WINDOWS\SYSTEM32\kernel.appcore.dll
0x00007ffadf710000 - 0x00007ffadf71a000 	C:\Program Files\Android\Android Studio1\jbr\bin\jimage.dll
0x00007ffae85e0000 - 0x00007ffae880e000 	C:\WINDOWS\SYSTEM32\DBGHELP.DLL
0x00007ffaeb9f0000 - 0x00007ffaebd7a000 	C:\WINDOWS\System32\combase.dll
0x00007ffaec1c0000 - 0x00007ffaec297000 	C:\WINDOWS\System32\OLEAUT32.dll
0x00007ffacff00000 - 0x00007ffacff32000 	C:\WINDOWS\SYSTEM32\dbgcore.DLL
0x00007ffaeb5c0000 - 0x00007ffaeb63a000 	C:\WINDOWS\System32\bcryptPrimitives.dll
0x00007ffabc170000 - 0x00007ffabc195000 	C:\Program Files\Android\Android Studio1\jbr\bin\java.dll
0x00007ffacb3e0000 - 0x00007ffacb3f8000 	C:\Program Files\Android\Android Studio1\jbr\bin\zip.dll
0x00007ffaecbf0000 - 0x00007ffaed413000 	C:\WINDOWS\System32\SHELL32.dll
0x00007ffae8c00000 - 0x00007ffae94ea000 	C:\WINDOWS\SYSTEM32\windows.storage.dll
0x00007ffae8ac0000 - 0x00007ffae8bfe000 	C:\WINDOWS\SYSTEM32\wintypes.dll
0x00007ffaec8b0000 - 0x00007ffaec9a3000 	C:\WINDOWS\System32\SHCORE.dll
0x00007ffaec2a0000 - 0x00007ffaec2fe000 	C:\WINDOWS\System32\shlwapi.dll
0x00007ffaeab90000 - 0x00007ffaeabb6000 	C:\WINDOWS\SYSTEM32\profapi.dll
0x00007ffabc150000 - 0x00007ffabc169000 	C:\Program Files\Android\Android Studio1\jbr\bin\net.dll
0x00007ffae1ee0000 - 0x00007ffae2017000 	C:\WINDOWS\SYSTEM32\WINHTTP.dll
0x00007ffaea220000 - 0x00007ffaea289000 	C:\WINDOWS\system32\mswsock.dll
0x00007ffab66d0000 - 0x00007ffab66e6000 	C:\Program Files\Android\Android Studio1\jbr\bin\nio.dll

dbghelp: loaded successfully - version: 4.0.5 - missing functions: none
symbol engine: initialized successfully - sym options: 0x614 - pdb path: .;C:\Program Files\Android\Android Studio1\jbr\bin;C:\WINDOWS\SYSTEM32;C:\WINDOWS\WinSxS\amd64_microsoft.windows.common-controls_6595b64144ccf1df_6.0.22621.2215_none_270d72677387dfc3;C:\Program Files\Android\Android Studio1\jbr\bin\server

VM Arguments:
java_command: org.jetbrains.kotlin.cli.jvm.K2JVMCompiler @C:\Users\andre\Downloads\PruebaApplication\app\build\20230922_5435047224985957205.compiler.options
java_class_path (initial): C:\Users\andre\.gradle\caches\modules-2\files-2.1\org.jetbrains.kotlin\kotlin-compiler-embeddable\1.9.0\2c8c3a7402becca891f12739b3e9fd2dc2adbd7a\kotlin-compiler-embeddable-1.9.0.jar;C:\Users\andre\.gradle\caches\modules-2\files-2.1\org.jetbrains.kotlin\kotlin-stdlib\1.9.0\8ee15ef0c67dc83d874f412d84378d7f0eb50b63\kotlin-stdlib-1.9.0.jar;C:\Users\andre\.gradle\caches\modules-2\files-2.1\org.jetbrains.kotlin\kotlin-script-runtime\1.9.0\4b3102cbbb7e1b58d9d1adf89563f00069ffa7d1\kotlin-script-runtime-1.9.0.jar;C:\Users\andre\.gradle\caches\modules-2\files-2.1\org.jetbrains.kotlin\kotlin-reflect\1.6.10\1cbe9c92c12a94eea200d23c2bbaedaf3daf5132\kotlin-reflect-1.6.10.jar;C:\Users\andre\.gradle\caches\modules-2\files-2.1\org.jetbrains.kotlin\kotlin-daemon-embeddable\1.9.0\186543f5e28cf8d9a0290fecc2cf34301c40a65c\kotlin-daemon-embeddable-1.9.0.jar;C:\Users\andre\.gradle\caches\modules-2\files-2.1\org.jetbrains.intellij.deps\trove4j\1.0.20200330\3afb14d5f9ceb459d724e907a21145e8ff394f02\trove4j-1.0.20200330.jar;C:\Users\andre\.gradle\caches\modules-2\files-2.1\org.jetbrains.kotlin\kotlin-stdlib-common\1.9.0\cd65c21cfd1eec4d44ef09f9f52b6d9f8a720636\kotlin-stdlib-common-1.9.0.jar;C:\Users\andre\.gradle\caches\modules-2\files-2.1\org.jetbrains\annotations\13.0\919f0dfe192fb4e063e7dacadee7f8bb9a2672a9\annotations-13.0.jar
Launcher Type: SUN_STANDARD

[Global flags]
     intx CICompilerCount                          = 4                                         {product} {ergonomic}
     uint ConcGCThreads                            = 2                                         {product} {ergonomic}
     uint G1ConcRefinementThreads                  = 8                                         {product} {ergonomic}
   size_t G1HeapRegionSize                         = 2097152                                   {product} {ergonomic}
    uintx GCDrainStackTargetSize                   = 64                                        {product} {ergonomic}
   size_t InitialHeapSize                          = 197132288                                 {product} {ergonomic}
   size_t MarkStackSize                            = 4194304                                   {product} {ergonomic}
   size_t MaxHeapSize                              = 3139436544                                {product} {ergonomic}
   size_t MaxNewSize                               = 1883242496                                {product} {ergonomic}
   size_t MinHeapDeltaBytes                        = 2097152                                   {product} {ergonomic}
   size_t MinHeapSize                              = 8388608                                   {product} {ergonomic}
    uintx NonNMethodCodeHeapSize                   = 5839372                                {pd product} {ergonomic}
    uintx NonProfiledCodeHeapSize                  = 122909434                              {pd product} {ergonomic}
    uintx ProfiledCodeHeapSize                     = 122909434                              {pd product} {ergonomic}
    uintx ReservedCodeCacheSize                    = 251658240                              {pd product} {ergonomic}
     bool SegmentedCodeCache                       = true                                      {product} {ergonomic}
   size_t SoftMaxHeapSize                          = 3139436544                             {manageable} {ergonomic}
     bool UseCompressedClassPointers               = true                           {product lp64_product} {ergonomic}
     bool UseCompressedOops                        = true                           {product lp64_product} {ergonomic}
     bool UseG1GC                                  = true                                      {product} {ergonomic}
     bool UseLargePagesIndividualAllocation        = false                                  {pd product} {ergonomic}

Logging:
Log output configuration:
 #0: stdout all=warning uptime,level,tags
 #1: stderr all=off uptime,level,tags

Environment Variables:
PATH=C:\Program Files (x86)\Common Files\Oracle\Java\javapath;C:\WINDOWS\system32;C:\WINDOWS;C:\WINDOWS\System32\Wbem;C:\WINDOWS\System32\WindowsPowerShell\v1.0\;C:\WINDOWS\System32\OpenSSH\;C:\Program Files\Git\cmd;C:\Users\andre\AppData\Local\Microsoft\WindowsApps;;C:\Users\andre\AppData\Local\Programs\Microsoft VS Code\bin
USERNAME=andre
OS=Windows_NT
PROCESSOR_IDENTIFIER=Intel64 Family 6 Model 140 Stepping 1, GenuineIntel
TMP=C:\Users\andre\AppData\Local\Temp
TEMP=C:\Users\andre\AppData\Local\Temp


JNI global refs:
JNI global refs: 8, weak refs: 0

JNI global refs memory usage: 843, weak refs: 841


---------------  S Y S T E M  ---------------

OS:
 Windows 11 , 64 bit Build 22621 (10.0.22621.2215)
OS uptime: 1 days 8:53 hours

CPU: total 8 (initial active 8) (4 cores per cpu, 2 threads per core) family 6 model 140 stepping 1 microcode 0x86, cx8, cmov, fxsr, ht, mmx, 3dnowpref, sse, sse2, sse3, ssse3, sse4.1, sse4.2, popcnt, lzcnt, tsc, tscinvbit, avx, avx2, aes, erms, clmul, bmi1, bmi2, adx, avx512f, avx512dq, avx512cd, avx512bw, avx512vl, sha, fma, vzeroupper, avx512_vpopcntdq, avx512_vpclmulqdq, avx512_vaes, avx512_vnni, clflush, clflushopt, clwb, avx512_vbmi2, avx512_vbmi

Memory: 4k page, system-wide physical 11969M (814M free)
TotalPageFile size 19137M (AvailPageFile size 4M)
current process WorkingSet (physical memory assigned to process): 81M, peak: 82M
current process commit charge ("private bytes"): 286M, peak: 287M

vm_info: OpenJDK 64-Bit Server VM (17.0.6+0-b2043.56-10027231) for windows-amd64 JRE (17.0.6+0-b2043.56-10027231), built on Apr 28 2023 00:43:19 by "androidbuild" with MS VC++ 16.10 / 16.11 (VS2019)

END.
